<?xml version="1.0" encoding="UTF-8"?>
<!-- Generated by org.testng.reporters.JUnitReportReporter -->
<testsuite hostname="DESKTOP-GJSAEHS" failures="0" tests="1" name="com.BB.testcases.LoginTest" time="8.874" errors="0" timestamp="2025-04-14T12:36:12 IST" skipped="0">
  <testcase classname="com.BB.testcases.LoginTest" name="VerifyLogin" time="8.874"/>
  <system-out/>
</testsuite> <!-- com.BB.testcases.LoginTest -->
