<?xml version="1.0" encoding="UTF-8"?>
<!-- Generated by org.testng.reporters.JUnitReportReporter -->
<testsuite hostname="DESKTOP-GJSAEHS" failures="0" tests="1" name="com.BB.testcases.AddUser_Test" time="24.770" errors="0" timestamp="2025-04-17T17:41:20 IST" skipped="0">
  <testcase classname="com.BB.testcases.AddUser_Test" name="AddUser" time="24.770"/>
  <system-out/>
</testsuite> <!-- com.BB.testcases.AddUser_Test -->
