<?xml version="1.0" encoding="UTF-8"?>
<!-- Generated by org.testng.reporters.JUnitReportReporter -->
<testsuite hostname="DESKTOP-GJSAEHS" failures="0" tests="3" name="com.BB.testcases.ParallelTesting" time="180.257" errors="0" timestamp="2025-05-14T17:37:25 IST" skipped="0">
  <testcase classname="com.BB.testcases.ParallelTesting" name="verifyLogin" time="61.431"/>
  <system-out/>
  <testcase classname="com.BB.testcases.ParallelTesting" name="verifyLogin" time="57.744"/>
  <system-out/>
  <testcase classname="com.BB.testcases.ParallelTesting" name="verifyLogin" time="61.082"/>
  <system-out/>
</testsuite> <!-- com.BB.testcases.ParallelTesting -->
