<?xml version="1.0" encoding="UTF-8"?>
<!-- Generated by org.testng.reporters.JUnitReportReporter -->
<testsuite hostname="DESKTOP-GJSAEHS" failures="0" tests="1" name="com.BB.testcases.AddInstitute_Test" time="26.975" errors="0" timestamp="2025-04-17T17:40:00 IST" skipped="0">
  <testcase classname="com.BB.testcases.AddInstitute_Test" name="AddInstitute" time="26.975"/>
  <system-out/>
</testsuite> <!-- com.BB.testcases.AddInstitute_Test -->
