<?xml version="1.0" encoding="UTF-8"?>
<!-- Generated by org.testng.reporters.JUnitReportReporter -->
<testsuite hostname="DESKTOP-GJSAEHS" failures="0" tests="1" name="com.BB.testcases.AddSubscription_Test" time="25.006" errors="0" timestamp="2025-04-18T17:37:32 IST" skipped="0">
  <testcase classname="com.BB.testcases.AddSubscription_Test" name="AddSubscription" time="25.006"/>
  <system-out/>
</testsuite> <!-- com.BB.testcases.AddSubscription_Test -->
